{"/Users/birrame.sene/workspace/morse-decoder/src/dictionary.ts": {"path":"/Users/birrame.sene/workspace/morse-decoder/src/dictionary.ts","all":false,"statementMap":{"0":{"start":{"line":1,"column":0},"end":{"line":1,"column":50}},"1":{"start":{"line":2,"column":0},"end":{"line":2,"column":40}},"2":{"start":{"line":3,"column":0},"end":{"line":3,"column":0}},"3":{"start":{"line":4,"column":0},"end":{"line":4,"column":21}},"4":{"start":{"line":5,"column":0},"end":{"line":5,"column":23}},"5":{"start":{"line":6,"column":0},"end":{"line":6,"column":22}},"6":{"start":{"line":7,"column":0},"end":{"line":7,"column":23}},"7":{"start":{"line":8,"column":0},"end":{"line":8,"column":20}},"8":{"start":{"line":9,"column":0},"end":{"line":9,"column":23}},"9":{"start":{"line":10,"column":0},"end":{"line":10,"column":22}},"10":{"start":{"line":11,"column":0},"end":{"line":11,"column":23}},"11":{"start":{"line":12,"column":0},"end":{"line":12,"column":21}},"12":{"start":{"line":13,"column":0},"end":{"line":13,"column":23}},"13":{"start":{"line":14,"column":0},"end":{"line":14,"column":22}},"14":{"start":{"line":15,"column":0},"end":{"line":15,"column":23}},"15":{"start":{"line":16,"column":0},"end":{"line":16,"column":21}},"16":{"start":{"line":17,"column":0},"end":{"line":17,"column":21}},"17":{"start":{"line":18,"column":0},"end":{"line":18,"column":22}},"18":{"start":{"line":19,"column":0},"end":{"line":19,"column":23}},"19":{"start":{"line":20,"column":0},"end":{"line":20,"column":23}},"20":{"start":{"line":21,"column":0},"end":{"line":21,"column":22}},"21":{"start":{"line":22,"column":0},"end":{"line":22,"column":22}},"22":{"start":{"line":23,"column":0},"end":{"line":23,"column":20}},"23":{"start":{"line":24,"column":0},"end":{"line":24,"column":22}},"24":{"start":{"line":25,"column":0},"end":{"line":25,"column":23}},"25":{"start":{"line":26,"column":0},"end":{"line":26,"column":22}},"26":{"start":{"line":27,"column":0},"end":{"line":27,"column":23}},"27":{"start":{"line":28,"column":0},"end":{"line":28,"column":23}},"28":{"start":{"line":29,"column":0},"end":{"line":29,"column":24}},"29":{"start":{"line":30,"column":0},"end":{"line":30,"column":24}},"30":{"start":{"line":31,"column":0},"end":{"line":31,"column":24}},"31":{"start":{"line":32,"column":0},"end":{"line":32,"column":24}},"32":{"start":{"line":33,"column":0},"end":{"line":33,"column":24}},"33":{"start":{"line":34,"column":0},"end":{"line":34,"column":24}},"34":{"start":{"line":35,"column":0},"end":{"line":35,"column":24}},"35":{"start":{"line":36,"column":0},"end":{"line":36,"column":24}},"36":{"start":{"line":37,"column":0},"end":{"line":37,"column":24}},"37":{"start":{"line":38,"column":0},"end":{"line":38,"column":24}},"38":{"start":{"line":39,"column":0},"end":{"line":39,"column":25}},"39":{"start":{"line":40,"column":0},"end":{"line":40,"column":25}},"40":{"start":{"line":41,"column":0},"end":{"line":41,"column":25}},"41":{"start":{"line":42,"column":0},"end":{"line":42,"column":25}},"42":{"start":{"line":43,"column":0},"end":{"line":43,"column":25}},"43":{"start":{"line":44,"column":0},"end":{"line":44,"column":24}},"44":{"start":{"line":45,"column":0},"end":{"line":45,"column":24}},"45":{"start":{"line":46,"column":0},"end":{"line":46,"column":25}},"46":{"start":{"line":47,"column":0},"end":{"line":47,"column":24}},"47":{"start":{"line":48,"column":0},"end":{"line":48,"column":25}},"48":{"start":{"line":49,"column":0},"end":{"line":49,"column":25}},"49":{"start":{"line":50,"column":0},"end":{"line":50,"column":24}},"50":{"start":{"line":51,"column":0},"end":{"line":51,"column":24}},"51":{"start":{"line":52,"column":0},"end":{"line":52,"column":25}},"52":{"start":{"line":53,"column":0},"end":{"line":53,"column":25}},"53":{"start":{"line":54,"column":0},"end":{"line":54,"column":25}},"54":{"start":{"line":55,"column":0},"end":{"line":55,"column":26}},"55":{"start":{"line":56,"column":0},"end":{"line":56,"column":25}},"56":{"start":{"line":57,"column":0},"end":{"line":57,"column":30}},"57":{"start":{"line":58,"column":0},"end":{"line":58,"column":0}},"58":{"start":{"line":59,"column":0},"end":{"line":59,"column":13}},"59":{"start":{"line":60,"column":0},"end":{"line":60,"column":1}}},"s":{"0":1,"1":317,"2":317,"3":317,"4":317,"5":317,"6":317,"7":317,"8":317,"9":317,"10":317,"11":317,"12":317,"13":317,"14":317,"15":317,"16":317,"17":317,"18":317,"19":317,"20":317,"21":317,"22":317,"23":317,"24":317,"25":317,"26":317,"27":317,"28":317,"29":317,"30":317,"31":317,"32":317,"33":317,"34":317,"35":317,"36":317,"37":317,"38":317,"39":317,"40":317,"41":317,"42":317,"43":317,"44":317,"45":317,"46":317,"47":317,"48":317,"49":317,"50":317,"51":317,"52":317,"53":317,"54":317,"55":317,"56":317,"57":317,"58":317,"59":317},"branchMap":{"0":{"type":"branch","line":1,"loc":{"start":{"line":1,"column":7},"end":{"line":60,"column":1}},"locations":[{"start":{"line":1,"column":7},"end":{"line":60,"column":1}}]}},"b":{"0":[317]},"fnMap":{"0":{"name":"reference","decl":{"start":{"line":1,"column":7},"end":{"line":60,"column":1}},"loc":{"start":{"line":1,"column":7},"end":{"line":60,"column":1}},"line":1}},"f":{"0":317}}
,"/Users/birrame.sene/workspace/morse-decoder/src/morse.ts": {"path":"/Users/birrame.sene/workspace/morse-decoder/src/morse.ts","all":false,"statementMap":{"0":{"start":{"line":1,"column":0},"end":{"line":1,"column":41}},"1":{"start":{"line":2,"column":0},"end":{"line":2,"column":0}},"2":{"start":{"line":3,"column":0},"end":{"line":3,"column":46}},"3":{"start":{"line":4,"column":0},"end":{"line":4,"column":23}},"4":{"start":{"line":5,"column":0},"end":{"line":5,"column":0}},"5":{"start":{"line":6,"column":0},"end":{"line":6,"column":60}},"6":{"start":{"line":7,"column":0},"end":{"line":7,"column":31}},"7":{"start":{"line":8,"column":0},"end":{"line":8,"column":17}},"8":{"start":{"line":9,"column":0},"end":{"line":9,"column":30}},"9":{"start":{"line":10,"column":0},"end":{"line":10,"column":25}},"10":{"start":{"line":11,"column":0},"end":{"line":11,"column":22}},"11":{"start":{"line":12,"column":0},"end":{"line":12,"column":15}},"12":{"start":{"line":13,"column":0},"end":{"line":13,"column":5}},"13":{"start":{"line":14,"column":0},"end":{"line":14,"column":0}},"14":{"start":{"line":15,"column":0},"end":{"line":15,"column":22}},"15":{"start":{"line":16,"column":0},"end":{"line":16,"column":22}},"16":{"start":{"line":17,"column":0},"end":{"line":17,"column":15}},"17":{"start":{"line":18,"column":0},"end":{"line":18,"column":5}},"18":{"start":{"line":19,"column":0},"end":{"line":19,"column":24}},"19":{"start":{"line":20,"column":0},"end":{"line":20,"column":15}},"20":{"start":{"line":21,"column":0},"end":{"line":21,"column":3}},"21":{"start":{"line":22,"column":0},"end":{"line":22,"column":0}},"22":{"start":{"line":23,"column":0},"end":{"line":23,"column":33}},"23":{"start":{"line":24,"column":0},"end":{"line":24,"column":0}},"24":{"start":{"line":25,"column":0},"end":{"line":25,"column":40}},"25":{"start":{"line":26,"column":0},"end":{"line":26,"column":1}}},"s":{"0":1,"1":1,"2":1,"3":19,"4":18,"5":18,"6":18,"7":18,"8":19,"9":1105,"10":764,"11":764,"12":764,"13":341,"14":1105,"15":42,"16":42,"17":42,"18":299,"19":299,"20":299,"21":18,"22":18,"23":18,"24":18,"25":18},"branchMap":{"0":{"type":"branch","line":3,"loc":{"start":{"line":3,"column":7},"end":{"line":26,"column":1}},"locations":[{"start":{"line":3,"column":7},"end":{"line":26,"column":1}}]},"1":{"type":"branch","line":4,"loc":{"start":{"line":4,"column":13},"end":{"line":4,"column":23}},"locations":[{"start":{"line":4,"column":13},"end":{"line":4,"column":23}}]},"2":{"type":"branch","line":4,"loc":{"start":{"line":4,"column":20},"end":{"line":9,"column":29}},"locations":[{"start":{"line":4,"column":20},"end":{"line":9,"column":29}}]},"3":{"type":"branch","line":9,"loc":{"start":{"line":9,"column":29},"end":{"line":21,"column":3}},"locations":[{"start":{"line":9,"column":29},"end":{"line":21,"column":3}}]},"4":{"type":"branch","line":10,"loc":{"start":{"line":10,"column":24},"end":{"line":13,"column":5}},"locations":[{"start":{"line":10,"column":24},"end":{"line":13,"column":5}}]},"5":{"type":"branch","line":13,"loc":{"start":{"line":13,"column":4},"end":{"line":15,"column":21}},"locations":[{"start":{"line":13,"column":4},"end":{"line":15,"column":21}}]},"6":{"type":"branch","line":15,"loc":{"start":{"line":15,"column":21},"end":{"line":18,"column":5}},"locations":[{"start":{"line":15,"column":21},"end":{"line":18,"column":5}}]},"7":{"type":"branch","line":18,"loc":{"start":{"line":18,"column":4},"end":{"line":21,"column":3}},"locations":[{"start":{"line":18,"column":4},"end":{"line":21,"column":3}}]},"8":{"type":"branch","line":21,"loc":{"start":{"line":21,"column":2},"end":{"line":26,"column":1}},"locations":[{"start":{"line":21,"column":2},"end":{"line":26,"column":1}}]},"9":{"type":"branch","line":6,"loc":{"start":{"line":6,"column":19},"end":{"line":6,"column":60}},"locations":[{"start":{"line":6,"column":19},"end":{"line":6,"column":60}}]},"10":{"type":"branch","line":6,"loc":{"start":{"line":6,"column":51},"end":{"line":6,"column":60}},"locations":[{"start":{"line":6,"column":51},"end":{"line":6,"column":60}}]}},"b":{"0":[19],"1":[1],"2":[18],"3":[1105],"4":[764],"5":[341],"6":[42],"7":[299],"8":[18],"9":[317],"10":[42]},"fnMap":{"0":{"name":"decode","decl":{"start":{"line":3,"column":7},"end":{"line":26,"column":1}},"loc":{"start":{"line":3,"column":7},"end":{"line":26,"column":1}},"line":3},"1":{"name":"getByKey","decl":{"start":{"line":6,"column":19},"end":{"line":6,"column":60}},"loc":{"start":{"line":6,"column":19},"end":{"line":6,"column":60}},"line":6}},"f":{"0":19,"1":317}}
}
